{"name": "test_analytics_prosumer", "status": "failed", "statusDetails": {"message": "AssertionError: element->('xpath', \"//*[contains(@text,'Überspringen')]\") can't be found in find_element_and_click", "trace": "self = <pages.login_page.LoginPage object at 0x10f25f820>, locator = ('xpath', \"//*[contains(@text,'Überspringen')]\"), timeout = 25, return_bool = False\n\n    @allure.step\n    def find_element_and_click(self, locator, timeout=25, return_bool=False):\n        \"\"\"\n        Purpose:\n            find element based on locator, make sure element is clickable, and click the element.\n        Args:\n            locator (e.g. AndroidLocators.DEFAULT_ANDROID_POPOVER_OK_BUTTON)\n            (optional) timeout (int): How much time to wait before exception; default is 10 seconds\n            (optional) return_bool (bool): Return bool instead of assertionError; default is False\n        Returns:\n            either bool or None depends on return_bool option\n        \"\"\"\n        # this decides whether to fail the test if the element can't be found\n        function_will_return_boolean = return_bool\n        el = None\n        try:\n>           el = WebDriverWait(self.driver, timeout).until(EC.presence_of_element_located(locator))\n\npages/base_pages.py:34: \n_ _ _ _ _ _ _ _ _ _ _ _ _ _ _ _ _ _ _ _ _ _ _ _ _ _ _ _ _ _ _ _ _ _ _ _ _ _ _ _ _ _ _ _ _ _ _ _ _ _ _ _ _ _ _ _ _ _ _ _ _ _ _ _ _ _ _ _ _ _ _ _ _ _ _ _ _ _ _ _ _ _ _ _ _ _ _ _ _ _ _ _ \n\nself = <selenium.webdriver.support.wait.WebDriverWait (session=\"6ed79f27-0439-4c92-be92-15fa7f43e141\")>\nmethod = <function presence_of_element_located.<locals>._predicate at 0x10d7c70a0>, message = ''\n\n    def until(self, method, message: str = \"\"):\n        \"\"\"Calls the method provided with the driver as an argument until the \\\n        return value does not evaluate to ``False``.\n    \n        :param method: callable(WebDriver)\n        :param message: optional message for :exc:`TimeoutException`\n        :returns: the result of the last call to `method`\n        :raises: :exc:`selenium.common.exceptions.TimeoutException` if timeout occurs\n        \"\"\"\n        screen = None\n        stacktrace = None\n    \n        end_time = time.monotonic() + self._timeout\n        while True:\n            try:\n                value = method(self._driver)\n                if value:\n                    return value\n            except self._ignored_exceptions as exc:\n                screen = getattr(exc, 'screen', None)\n                stacktrace = getattr(exc, 'stacktrace', None)\n            time.sleep(self._poll)\n            if time.monotonic() > end_time:\n                break\n>       raise TimeoutException(message, screen, stacktrace)\nE       selenium.common.exceptions.TimeoutException: Message: \nE       Stacktrace:\nE       NoSuchElementError: An element could not be located on the page using the given search parameters.\nE           at AndroidUiautomator2Driver.findElOrEls (/Applications/Appium Server GUI.app/Contents/Resources/app/node_modules/appium/node_modules/appium-android-driver/lib/commands/find.js:75:11)\nE           at runMicrotasks (<anonymous>)\nE           at processTicksAndRejections (internal/process/task_queues.js:97:5)\nE           at AndroidUiautomator2Driver.findElOrElsWithProcessing (/Applications/Appium Server GUI.app/Contents/Resources/app/node_modules/appium/node_modules/appium-base-driver/lib/basedriver/commands/find.js:33:12)\nE           at AndroidUiautomator2Driver.findElement (/Applications/Appium Server GUI.app/Contents/Resources/app/node_modules/appium/node_modules/appium-base-driver/lib/basedriver/commands/find.js:53:10)\n\n/Library/Frameworks/Python.framework/Versions/3.10/lib/python3.10/site-packages/selenium/webdriver/support/wait.py:90: TimeoutException\n\nDuring handling of the above exception, another exception occurred:\n\nself = <tests.test_analytics_prosumer.TestAnalyticsProsumer object at 0x10f1e8610>, driver = <appium.webdriver.webdriver.WebDriver (session=\"6ed79f27-0439-4c92-be92-15fa7f43e141\")>\n\n    @pytest.mark.analytics_prosumer\n    def test_analytics_prosumer(self, driver):\n        #  Initialization\n        self.init(driver)\n    \n        # The user login\n>       test_login(driver)\n\ntests/test_analytics_prosumer.py:31: \n_ _ _ _ _ _ _ _ _ _ _ _ _ _ _ _ _ _ _ _ _ _ _ _ _ _ _ _ _ _ _ _ _ _ _ _ _ _ _ _ _ _ _ _ _ _ _ _ _ _ _ _ _ _ _ _ _ _ _ _ _ _ _ _ _ _ _ _ _ _ _ _ _ _ _ _ _ _ _ _ _ _ _ _ _ _ _ _ _ _ _ _ \n../testrail_android/tests/test_login_and_select_prosumer_device.py:35: in test_login\n    login_page.click_skip_button()\npages/login_page.py:33: in click_skip_button\n    self.find_element_and_click(LoginPageLocators.SKIP_BUTTON)\n_ _ _ _ _ _ _ _ _ _ _ _ _ _ _ _ _ _ _ _ _ _ _ _ _ _ _ _ _ _ _ _ _ _ _ _ _ _ _ _ _ _ _ _ _ _ _ _ _ _ _ _ _ _ _ _ _ _ _ _ _ _ _ _ _ _ _ _ _ _ _ _ _ _ _ _ _ _ _ _ _ _ _ _ _ _ _ _ _ _ _ _ \n\nself = <pages.login_page.LoginPage object at 0x10f25f820>, locator = ('xpath', \"//*[contains(@text,'Überspringen')]\"), timeout = 25, return_bool = False\n\n    @allure.step\n    def find_element_and_click(self, locator, timeout=25, return_bool=False):\n        \"\"\"\n        Purpose:\n            find element based on locator, make sure element is clickable, and click the element.\n        Args:\n            locator (e.g. AndroidLocators.DEFAULT_ANDROID_POPOVER_OK_BUTTON)\n            (optional) timeout (int): How much time to wait before exception; default is 10 seconds\n            (optional) return_bool (bool): Return bool instead of assertionError; default is False\n        Returns:\n            either bool or None depends on return_bool option\n        \"\"\"\n        # this decides whether to fail the test if the element can't be found\n        function_will_return_boolean = return_bool\n        el = None\n        try:\n            el = WebDriverWait(self.driver, timeout).until(EC.presence_of_element_located(locator))\n        except TimeoutException:\n            if function_will_return_boolean:\n                return False\n            else:\n>               assert el is not None, 'element->{0} can\\'t be found in find_element_and_click'.format(str(locator))\nE               AssertionError: element->('xpath', \"//*[contains(@text,'Überspringen')]\") can't be found in find_element_and_click\n\npages/base_pages.py:39: AssertionError"}, "steps": [{"name": "And user click login button", "status": "passed", "steps": [{"name": "find_element_and_click", "status": "passed", "parameters": [{"name": "locator", "value": "('xpath', \"//*[contains(@resource-id,'tv_login')]\")"}, {"name": "timeout", "value": "25"}, {"name": "return_bool", "value": "False"}], "start": 1703190843118, "stop": 1703190843945}], "start": 1703190843118, "stop": 1703190843945}, {"name": "And user enter correct email", "status": "passed", "steps": [{"name": "find_all_elements", "status": "passed", "parameters": [{"name": "locator", "value": "('class name', 'android.widget.EditText')"}, {"name": "timeout", "value": "5"}], "start": 1703190843945, "stop": 1703190844226}], "parameters": [{"name": "text", "value": "'lsqateam@gmail.com'"}], "start": 1703190843945, "stop": 1703190846127}, {"name": "And user enter correct password", "status": "passed", "steps": [{"name": "find_all_elements", "status": "passed", "parameters": [{"name": "locator", "value": "('class name', 'android.widget.EditText')"}, {"name": "timeout", "value": "5"}], "start": 1703190846127, "stop": 1703190846897}], "parameters": [{"name": "text", "value": "'Abc123!!'"}], "start": 1703190846127, "stop": 1703190847535}, {"name": "And user click login button", "status": "passed", "steps": [{"name": "find_all_elements", "status": "passed", "parameters": [{"name": "locator", "value": "('xpath', \"//*[contains(@resource-id,'tv_forgot_password')]/following-sibling::*[position()=1]\")"}, {"name": "timeout", "value": "5"}], "start": 1703190847536, "stop": 1703190848324}], "start": 1703190847535, "stop": 1703190848359}, {"name": "And user wait the spinner finished", "status": "passed", "steps": [{"name": "find_all_elements", "status": "passed", "parameters": [{"name": "locator", "value": "('class name', 'android.widget.ProgressBar')"}, {"name": "timeout", "value": "5"}], "start": 1703190848359, "stop": 1703190849105}, {"name": "wait_until_element_will_be_invisible", "status": "passed", "parameters": [{"name": "locator", "value": "<appium.webdriver.webelement.WebElement (session=\"6ed79f27-0439-4c92-be92-15fa7f43e141\", element=\"00000000-0000-000d-ffff-ffff00000053\")>"}, {"name": "timeout", "value": "20"}], "start": 1703190849105, "stop": 1703190853961}], "start": 1703190848359, "stop": 1703190853961}, {"name": "And user click skip button", "status": "failed", "statusDetails": {"message": "AssertionError: element->('xpath', \"//*[contains(@text,'Überspringen')]\") can't be found in find_element_and_click\n", "trace": "  File \"/Library/Frameworks/Python.framework/Versions/3.10/lib/python3.10/site-packages/allure_commons/_allure.py\", line 180, in impl\n    return func(*a, **kw)\n  File \"/Users/yaroslav.petryk/Desktop/projects/testrail_android_with_trcli/pages/login_page.py\", line 33, in click_skip_button\n    self.find_element_and_click(LoginPageLocators.SKIP_BUTTON)\n  File \"/Library/Frameworks/Python.framework/Versions/3.10/lib/python3.10/site-packages/allure_commons/_allure.py\", line 180, in impl\n    return func(*a, **kw)\n  File \"/Users/yaroslav.petryk/Desktop/projects/testrail_android_with_trcli/pages/base_pages.py\", line 39, in find_element_and_click\n    assert el is not None, 'element->{0} can\\'t be found in find_element_and_click'.format(str(locator))\n"}, "steps": [{"name": "find_element_and_click", "status": "failed", "statusDetails": {"message": "AssertionError: element->('xpath', \"//*[contains(@text,'Überspringen')]\") can't be found in find_element_and_click\n", "trace": "  File \"/Library/Frameworks/Python.framework/Versions/3.10/lib/python3.10/site-packages/allure_commons/_allure.py\", line 180, in impl\n    return func(*a, **kw)\n  File \"/Users/yaroslav.petryk/Desktop/projects/testrail_android_with_trcli/pages/base_pages.py\", line 39, in find_element_and_click\n    assert el is not None, 'element->{0} can\\'t be found in find_element_and_click'.format(str(locator))\n"}, "parameters": [{"name": "locator", "value": "('xpath', \"//*[contains(@text,'Überspringen')]\")"}, {"name": "timeout", "value": "25"}, {"name": "return_bool", "value": "False"}], "start": 1703190853961, "stop": 1703190879554}], "start": 1703190853961, "stop": 1703190879566}], "attachments": [{"name": "log", "source": "479b0efd-88bc-43da-87fd-17dd6160effa-attachment.txt", "type": "text/plain"}], "start": 1703190839812, "stop": 1703190879570, "uuid": "1b2b28ee-09a6-462d-a409-ce4a9c4b2708", "historyId": "9151cb957fc8fe1455b2062645ac6eb6", "testCaseId": "d6a48eac38cd6ed9d949c8fcc4c9103a", "fullName": "tests.test_analytics_prosumer.TestAnalyticsProsumer#test_analytics_prosumer", "labels": [{"name": "tag", "value": "analytics_prosumer"}, {"name": "parentSuite", "value": "tests"}, {"name": "suite", "value": "test_analytics_prosumer"}, {"name": "subSuite", "value": "TestAnalyticsProsumer"}, {"name": "host", "value": "ypetryk-MacBook-Pro.local"}, {"name": "thread", "value": "6766-MainThread"}, {"name": "framework", "value": "pytest"}, {"name": "language", "value": "cpython3"}, {"name": "package", "value": "tests.test_analytics_prosumer"}]}