{"name": "test_analytics_prosumer", "status": "failed", "statusDetails": {"message": "AssertionError: element->('xpath', \"//*[contains(@text,'Überspringen')]\") can't be found in find_element_and_click", "trace": "self = <pages.login_page.LoginPage object at 0x10a00d9f0>, locator = ('xpath', \"//*[contains(@text,'Überspringen')]\"), timeout = 25, return_bool = False\n\n    @allure.step\n    def find_element_and_click(self, locator, timeout=25, return_bool=False):\n        \"\"\"\n        Purpose:\n            find element based on locator, make sure element is clickable, and click the element.\n        Args:\n            locator (e.g. AndroidLocators.DEFAULT_ANDROID_POPOVER_OK_BUTTON)\n            (optional) timeout (int): How much time to wait before exception; default is 10 seconds\n            (optional) return_bool (bool): Return bool instead of assertionError; default is False\n        Returns:\n            either bool or None depends on return_bool option\n        \"\"\"\n        # this decides whether to fail the test if the element can't be found\n        function_will_return_boolean = return_bool\n        el = None\n        try:\n>           el = WebDriverWait(self.driver, timeout).until(EC.presence_of_element_located(locator))\n\npages/base_pages.py:34: \n_ _ _ _ _ _ _ _ _ _ _ _ _ _ _ _ _ _ _ _ _ _ _ _ _ _ _ _ _ _ _ _ _ _ _ _ _ _ _ _ _ _ _ _ _ _ _ _ _ _ _ _ _ _ _ _ _ _ _ _ _ _ _ _ _ _ _ _ _ _ _ _ _ _ _ _ _ _ _ _ _ _ _ _ _ _ _ _ _ _ _ _ \n\nself = <selenium.webdriver.support.wait.WebDriverWait (session=\"76d4055d-3889-431f-84b1-7abf70655f98\")>\nmethod = <function presence_of_element_located.<locals>._predicate at 0x1092a70a0>, message = ''\n\n    def until(self, method, message: str = \"\"):\n        \"\"\"Calls the method provided with the driver as an argument until the \\\n        return value does not evaluate to ``False``.\n    \n        :param method: callable(WebDriver)\n        :param message: optional message for :exc:`TimeoutException`\n        :returns: the result of the last call to `method`\n        :raises: :exc:`selenium.common.exceptions.TimeoutException` if timeout occurs\n        \"\"\"\n        screen = None\n        stacktrace = None\n    \n        end_time = time.monotonic() + self._timeout\n        while True:\n            try:\n                value = method(self._driver)\n                if value:\n                    return value\n            except self._ignored_exceptions as exc:\n                screen = getattr(exc, 'screen', None)\n                stacktrace = getattr(exc, 'stacktrace', None)\n            time.sleep(self._poll)\n            if time.monotonic() > end_time:\n                break\n>       raise TimeoutException(message, screen, stacktrace)\nE       selenium.common.exceptions.TimeoutException: Message: \nE       Stacktrace:\nE       NoSuchElementError: An element could not be located on the page using the given search parameters.\nE           at AndroidUiautomator2Driver.findElOrEls (/Applications/Appium Server GUI.app/Contents/Resources/app/node_modules/appium/node_modules/appium-android-driver/lib/commands/find.js:75:11)\nE           at runMicrotasks (<anonymous>)\nE           at processTicksAndRejections (internal/process/task_queues.js:97:5)\nE           at AndroidUiautomator2Driver.findElOrElsWithProcessing (/Applications/Appium Server GUI.app/Contents/Resources/app/node_modules/appium/node_modules/appium-base-driver/lib/basedriver/commands/find.js:33:12)\nE           at AndroidUiautomator2Driver.findElement (/Applications/Appium Server GUI.app/Contents/Resources/app/node_modules/appium/node_modules/appium-base-driver/lib/basedriver/commands/find.js:53:10)\n\n/Library/Frameworks/Python.framework/Versions/3.10/lib/python3.10/site-packages/selenium/webdriver/support/wait.py:90: TimeoutException\n\nDuring handling of the above exception, another exception occurred:\n\nself = <tests.test_analytics_prosumer.TestAnalyticsProsumer object at 0x109ed96c0>, driver = <appium.webdriver.webdriver.WebDriver (session=\"76d4055d-3889-431f-84b1-7abf70655f98\")>\n\n    @pytest.mark.analytics_prosumer\n    def test_analytics_prosumer(self, driver):\n        #  Initialization\n        self.init(driver)\n    \n        # The user login\n>       test_login(driver)\n\ntests/test_analytics_prosumer.py:31: \n_ _ _ _ _ _ _ _ _ _ _ _ _ _ _ _ _ _ _ _ _ _ _ _ _ _ _ _ _ _ _ _ _ _ _ _ _ _ _ _ _ _ _ _ _ _ _ _ _ _ _ _ _ _ _ _ _ _ _ _ _ _ _ _ _ _ _ _ _ _ _ _ _ _ _ _ _ _ _ _ _ _ _ _ _ _ _ _ _ _ _ _ \n../testrail_android/tests/test_login_and_select_prosumer_device.py:35: in test_login\n    login_page.click_skip_button()\npages/login_page.py:33: in click_skip_button\n    self.find_element_and_click(LoginPageLocators.SKIP_BUTTON)\n_ _ _ _ _ _ _ _ _ _ _ _ _ _ _ _ _ _ _ _ _ _ _ _ _ _ _ _ _ _ _ _ _ _ _ _ _ _ _ _ _ _ _ _ _ _ _ _ _ _ _ _ _ _ _ _ _ _ _ _ _ _ _ _ _ _ _ _ _ _ _ _ _ _ _ _ _ _ _ _ _ _ _ _ _ _ _ _ _ _ _ _ \n\nself = <pages.login_page.LoginPage object at 0x10a00d9f0>, locator = ('xpath', \"//*[contains(@text,'Überspringen')]\"), timeout = 25, return_bool = False\n\n    @allure.step\n    def find_element_and_click(self, locator, timeout=25, return_bool=False):\n        \"\"\"\n        Purpose:\n            find element based on locator, make sure element is clickable, and click the element.\n        Args:\n            locator (e.g. AndroidLocators.DEFAULT_ANDROID_POPOVER_OK_BUTTON)\n            (optional) timeout (int): How much time to wait before exception; default is 10 seconds\n            (optional) return_bool (bool): Return bool instead of assertionError; default is False\n        Returns:\n            either bool or None depends on return_bool option\n        \"\"\"\n        # this decides whether to fail the test if the element can't be found\n        function_will_return_boolean = return_bool\n        el = None\n        try:\n            el = WebDriverWait(self.driver, timeout).until(EC.presence_of_element_located(locator))\n        except TimeoutException:\n            if function_will_return_boolean:\n                return False\n            else:\n>               assert el is not None, 'element->{0} can\\'t be found in find_element_and_click'.format(str(locator))\nE               AssertionError: element->('xpath', \"//*[contains(@text,'Überspringen')]\") can't be found in find_element_and_click\n\npages/base_pages.py:39: AssertionError"}, "steps": [{"name": "And user click login button", "status": "passed", "steps": [{"name": "find_element_and_click", "status": "passed", "parameters": [{"name": "locator", "value": "('xpath', \"//*[contains(@resource-id,'tv_login')]\")"}, {"name": "timeout", "value": "25"}, {"name": "return_bool", "value": "False"}], "start": 1694590719640, "stop": 1694590719869}], "start": 1694590719639, "stop": 1694590719869}, {"name": "And user enter correct email", "status": "passed", "steps": [{"name": "find_all_elements", "status": "passed", "parameters": [{"name": "locator", "value": "('class name', 'android.widget.EditText')"}, {"name": "timeout", "value": "5"}], "start": 1694590719869, "stop": 1694590720020}], "parameters": [{"name": "text", "value": "'lsqateam@gmail.com'"}], "start": 1694590719869, "stop": 1694590721169}, {"name": "And user enter correct password", "status": "passed", "steps": [{"name": "find_all_elements", "status": "passed", "parameters": [{"name": "locator", "value": "('class name', 'android.widget.EditText')"}, {"name": "timeout", "value": "5"}], "start": 1694590721170, "stop": 1694590721793}], "parameters": [{"name": "text", "value": "'Abc123!!'"}], "start": 1694590721169, "stop": 1694590722403}, {"name": "And user click login button", "status": "passed", "steps": [{"name": "find_all_elements", "status": "passed", "parameters": [{"name": "locator", "value": "('xpath', \"//*[contains(@resource-id,'tv_forgot_password')]/following-sibling::*[position()=1]\")"}, {"name": "timeout", "value": "5"}], "start": 1694590722404, "stop": 1694590722995}], "start": 1694590722403, "stop": 1694590723672}, {"name": "And user wait the spinner finished", "status": "passed", "steps": [{"name": "find_all_elements", "status": "passed", "parameters": [{"name": "locator", "value": "('class name', 'android.widget.ProgressBar')"}, {"name": "timeout", "value": "5"}], "start": 1694590723673, "stop": 1694590728798}], "start": 1694590723672, "stop": 1694590728798}, {"name": "And user click skip button", "status": "failed", "statusDetails": {"message": "AssertionError: element->('xpath', \"//*[contains(@text,'Überspringen')]\") can't be found in find_element_and_click\n", "trace": "  File \"/Library/Frameworks/Python.framework/Versions/3.10/lib/python3.10/site-packages/allure_commons/_allure.py\", line 180, in impl\n    return func(*a, **kw)\n  File \"/Users/yaroslav.petryk/Desktop/projects/testrail_android_with_trcli/pages/login_page.py\", line 33, in click_skip_button\n    self.find_element_and_click(LoginPageLocators.SKIP_BUTTON)\n  File \"/Library/Frameworks/Python.framework/Versions/3.10/lib/python3.10/site-packages/allure_commons/_allure.py\", line 180, in impl\n    return func(*a, **kw)\n  File \"/Users/yaroslav.petryk/Desktop/projects/testrail_android_with_trcli/pages/base_pages.py\", line 39, in find_element_and_click\n    assert el is not None, 'element->{0} can\\'t be found in find_element_and_click'.format(str(locator))\n"}, "steps": [{"name": "find_element_and_click", "status": "failed", "statusDetails": {"message": "AssertionError: element->('xpath', \"//*[contains(@text,'Überspringen')]\") can't be found in find_element_and_click\n", "trace": "  File \"/Library/Frameworks/Python.framework/Versions/3.10/lib/python3.10/site-packages/allure_commons/_allure.py\", line 180, in impl\n    return func(*a, **kw)\n  File \"/Users/yaroslav.petryk/Desktop/projects/testrail_android_with_trcli/pages/base_pages.py\", line 39, in find_element_and_click\n    assert el is not None, 'element->{0} can\\'t be found in find_element_and_click'.format(str(locator))\n"}, "parameters": [{"name": "locator", "value": "('xpath', \"//*[contains(@text,'Überspringen')]\")"}, {"name": "timeout", "value": "25"}, {"name": "return_bool", "value": "False"}], "start": 1694590728799, "stop": 1694590753973}], "start": 1694590728798, "stop": 1694590753994}], "start": 1694590716426, "stop": 1694590753999, "uuid": "6bad060d-964f-4f5b-a03f-0425f6d29acc", "historyId": "9151cb957fc8fe1455b2062645ac6eb6", "testCaseId": "d6a48eac38cd6ed9d949c8fcc4c9103a", "fullName": "tests.test_analytics_prosumer.TestAnalyticsProsumer#test_analytics_prosumer", "labels": [{"name": "tag", "value": "analytics_prosumer"}, {"name": "parentSuite", "value": "tests"}, {"name": "suite", "value": "test_analytics_prosumer"}, {"name": "subSuite", "value": "TestAnalyticsProsumer"}, {"name": "host", "value": "ypetryk-MacBook-Pro.local"}, {"name": "thread", "value": "3576-MainThread"}, {"name": "framework", "value": "pytest"}, {"name": "language", "value": "cpython3"}, {"name": "package", "value": "tests.test_analytics_prosumer"}]}