{"name": "test_login", "status": "failed", "statusDetails": {"message": "AssertionError: element->('xpath', \"//*[contains(@text,'AAAÜberspringen')]\") can't be found in find_element_and_click", "trace": "self = <pages.login_page.LoginPage object at 0x112513190>, locator = ('xpath', \"//*[contains(@text,'AAAÜberspringen')]\"), timeout = 25, return_bool = False\n\n    @allure.step\n    def find_element_and_click(self, locator, timeout=25, return_bool=False):\n        \"\"\"\n        Purpose:\n            find element based on locator, make sure element is clickable, and click the element.\n        Args:\n            locator (e.g. AndroidLocators.DEFAULT_ANDROID_POPOVER_OK_BUTTON)\n            (optional) timeout (int): How much time to wait before exception; default is 10 seconds\n            (optional) return_bool (bool): Return bool instead of assertionError; default is False\n        Returns:\n            either bool or None depends on return_bool option\n        \"\"\"\n        # this decides whether to fail the test if the element can't be found\n        function_will_return_boolean = return_bool\n        el = None\n        try:\n>           el = WebDriverWait(self.driver, timeout).until(EC.presence_of_element_located(locator))\n\npages/base_pages.py:34: \n_ _ _ _ _ _ _ _ _ _ _ _ _ _ _ _ _ _ _ _ _ _ _ _ _ _ _ _ _ _ _ _ _ _ _ _ _ _ _ _ _ _ _ _ _ _ _ _ _ _ _ _ _ _ _ _ _ _ _ _ _ _ _ _ _ _ _ _ _ _ _ _ _ _ _ _ _ _ _ _ _ _ _ _ _ _ _ _ _ _ _ _ \n\nself = <selenium.webdriver.support.wait.WebDriverWait (session=\"c256eeb9-0919-425e-b217-055a0cd5b2fb\")>\nmethod = <function presence_of_element_located.<locals>._predicate at 0x111813130>, message = ''\n\n    def until(self, method, message: str = \"\"):\n        \"\"\"Calls the method provided with the driver as an argument until the \\\n        return value does not evaluate to ``False``.\n    \n        :param method: callable(WebDriver)\n        :param message: optional message for :exc:`TimeoutException`\n        :returns: the result of the last call to `method`\n        :raises: :exc:`selenium.common.exceptions.TimeoutException` if timeout occurs\n        \"\"\"\n        screen = None\n        stacktrace = None\n    \n        end_time = time.monotonic() + self._timeout\n        while True:\n            try:\n                value = method(self._driver)\n                if value:\n                    return value\n            except self._ignored_exceptions as exc:\n                screen = getattr(exc, 'screen', None)\n                stacktrace = getattr(exc, 'stacktrace', None)\n            time.sleep(self._poll)\n            if time.monotonic() > end_time:\n                break\n>       raise TimeoutException(message, screen, stacktrace)\nE       selenium.common.exceptions.TimeoutException: Message: \nE       Stacktrace:\nE       NoSuchElementError: An element could not be located on the page using the given search parameters.\nE           at AndroidUiautomator2Driver.findElOrEls (/Applications/Appium Server GUI.app/Contents/Resources/app/node_modules/appium/node_modules/appium-android-driver/lib/commands/find.js:75:11)\nE           at runMicrotasks (<anonymous>)\nE           at processTicksAndRejections (internal/process/task_queues.js:97:5)\nE           at AndroidUiautomator2Driver.findElOrElsWithProcessing (/Applications/Appium Server GUI.app/Contents/Resources/app/node_modules/appium/node_modules/appium-base-driver/lib/basedriver/commands/find.js:33:12)\nE           at AndroidUiautomator2Driver.findElement (/Applications/Appium Server GUI.app/Contents/Resources/app/node_modules/appium/node_modules/appium-base-driver/lib/basedriver/commands/find.js:53:10)\n\n/Library/Frameworks/Python.framework/Versions/3.10/lib/python3.10/site-packages/selenium/webdriver/support/wait.py:90: TimeoutException\n\nDuring handling of the above exception, another exception occurred:\n\nself = <tests.test_login.TestLogin object at 0x112449420>, driver = <appium.webdriver.webdriver.WebDriver (session=\"c256eeb9-0919-425e-b217-055a0cd5b2fb\")>\n\n    @pytestrail.case('C832')\n    @pytest.mark.login_positive\n    def test_login(self, driver):\n        # Initialization\n        self.init(driver)\n        # # # # # # # # # Initialization # # # # # # # # # # # # #\n    \n        # The User click on Login button\n        self.register_page.click_login_button()\n    \n        # The User enter username\n        self.login_page.enter_username(self.login)\n    \n        # The User enter password\n        self.login_page.enter_password(self.password)\n    \n        # The User click on Login button\n        self.login_page.click_login_button()\n    \n        # The user wait when spinner is finished\n        self.home_page.wait_until_spinner_will_be_invisible()\n    \n        # The User click on Skip button\n>       self.login_page.click_skip_button()\n\ntests/test_login.py:119: \n_ _ _ _ _ _ _ _ _ _ _ _ _ _ _ _ _ _ _ _ _ _ _ _ _ _ _ _ _ _ _ _ _ _ _ _ _ _ _ _ _ _ _ _ _ _ _ _ _ _ _ _ _ _ _ _ _ _ _ _ _ _ _ _ _ _ _ _ _ _ _ _ _ _ _ _ _ _ _ _ _ _ _ _ _ _ _ _ _ _ _ _ \npages/login_page.py:33: in click_skip_button\n    self.find_element_and_click(LoginPageLocators.SKIP_BUTTON)\n_ _ _ _ _ _ _ _ _ _ _ _ _ _ _ _ _ _ _ _ _ _ _ _ _ _ _ _ _ _ _ _ _ _ _ _ _ _ _ _ _ _ _ _ _ _ _ _ _ _ _ _ _ _ _ _ _ _ _ _ _ _ _ _ _ _ _ _ _ _ _ _ _ _ _ _ _ _ _ _ _ _ _ _ _ _ _ _ _ _ _ _ \n\nself = <pages.login_page.LoginPage object at 0x112513190>, locator = ('xpath', \"//*[contains(@text,'AAAÜberspringen')]\"), timeout = 25, return_bool = False\n\n    @allure.step\n    def find_element_and_click(self, locator, timeout=25, return_bool=False):\n        \"\"\"\n        Purpose:\n            find element based on locator, make sure element is clickable, and click the element.\n        Args:\n            locator (e.g. AndroidLocators.DEFAULT_ANDROID_POPOVER_OK_BUTTON)\n            (optional) timeout (int): How much time to wait before exception; default is 10 seconds\n            (optional) return_bool (bool): Return bool instead of assertionError; default is False\n        Returns:\n            either bool or None depends on return_bool option\n        \"\"\"\n        # this decides whether to fail the test if the element can't be found\n        function_will_return_boolean = return_bool\n        el = None\n        try:\n            el = WebDriverWait(self.driver, timeout).until(EC.presence_of_element_located(locator))\n        except TimeoutException:\n            if function_will_return_boolean:\n                return False\n            else:\n>               assert el is not None, 'element->{0} can\\'t be found in find_element_and_click'.format(str(locator))\nE               AssertionError: element->('xpath', \"//*[contains(@text,'AAAÜberspringen')]\") can't be found in find_element_and_click\n\npages/base_pages.py:39: AssertionError"}, "steps": [{"name": "And user click login button", "status": "passed", "steps": [{"name": "find_element_and_click", "status": "passed", "parameters": [{"name": "locator", "value": "('xpath', \"//*[contains(@resource-id,'tv_login')]\")"}, {"name": "timeout", "value": "25"}, {"name": "return_bool", "value": "False"}], "start": 1693577635496, "stop": 1693577635700}], "start": 1693577635495, "stop": 1693577635700}, {"name": "And user enter correct email", "status": "passed", "steps": [{"name": "find_all_elements", "status": "passed", "parameters": [{"name": "locator", "value": "('class name', 'android.widget.EditText')"}, {"name": "timeout", "value": "5"}], "start": 1693577635700, "stop": 1693577636476}], "parameters": [{"name": "text", "value": "'lsqateam@gmail.com'"}], "start": 1693577635700, "stop": 1693577637105}, {"name": "And user enter correct password", "status": "passed", "steps": [{"name": "find_all_elements", "status": "passed", "parameters": [{"name": "locator", "value": "('class name', 'android.widget.EditText')"}, {"name": "timeout", "value": "5"}], "start": 1693577637106, "stop": 1693577638216}], "parameters": [{"name": "text", "value": "'Abc123!!'"}], "start": 1693577637105, "stop": 1693577638823}, {"name": "And user click login button", "status": "passed", "steps": [{"name": "find_all_elements", "status": "passed", "parameters": [{"name": "locator", "value": "('xpath', \"//*[contains(@resource-id,'tv_forgot_password')]/following-sibling::*[position()=1]\")"}, {"name": "timeout", "value": "5"}], "start": 1693577638823, "stop": 1693577639516}], "start": 1693577638823, "stop": 1693577640159}, {"name": "And user wait the spinner finished", "status": "passed", "steps": [{"name": "find_all_elements", "status": "passed", "parameters": [{"name": "locator", "value": "('class name', 'android.widget.ProgressBar')"}, {"name": "timeout", "value": "5"}], "start": 1693577640159, "stop": 1693577640219}, {"name": "wait_until_element_will_be_invisible", "status": "passed", "parameters": [{"name": "locator", "value": "<appium.webdriver.webelement.WebElement (session=\"c256eeb9-0919-425e-b217-055a0cd5b2fb\", element=\"00000000-0000-06aa-ffff-ffff0000004f\")>"}, {"name": "timeout", "value": "20"}], "start": 1693577640220, "stop": 1693577641227}], "start": 1693577640159, "stop": 1693577641227}, {"name": "And user click skip button", "status": "failed", "statusDetails": {"message": "AssertionError: element->('xpath', \"//*[contains(@text,'AAAÜberspringen')]\") can't be found in find_element_and_click\n", "trace": "  File \"/Library/Frameworks/Python.framework/Versions/3.10/lib/python3.10/site-packages/allure_commons/_allure.py\", line 180, in impl\n    return func(*a, **kw)\n  File \"/Users/yaroslav.petryk/Desktop/projects/testrail_android/pages/login_page.py\", line 33, in click_skip_button\n    self.find_element_and_click(LoginPageLocators.SKIP_BUTTON)\n  File \"/Library/Frameworks/Python.framework/Versions/3.10/lib/python3.10/site-packages/allure_commons/_allure.py\", line 180, in impl\n    return func(*a, **kw)\n  File \"/Users/yaroslav.petryk/Desktop/projects/testrail_android/pages/base_pages.py\", line 39, in find_element_and_click\n    assert el is not None, 'element->{0} can\\'t be found in find_element_and_click'.format(str(locator))\n"}, "steps": [{"name": "find_element_and_click", "status": "failed", "statusDetails": {"message": "AssertionError: element->('xpath', \"//*[contains(@text,'AAAÜberspringen')]\") can't be found in find_element_and_click\n", "trace": "  File \"/Library/Frameworks/Python.framework/Versions/3.10/lib/python3.10/site-packages/allure_commons/_allure.py\", line 180, in impl\n    return func(*a, **kw)\n  File \"/Users/yaroslav.petryk/Desktop/projects/testrail_android/pages/base_pages.py\", line 39, in find_element_and_click\n    assert el is not None, 'element->{0} can\\'t be found in find_element_and_click'.format(str(locator))\n"}, "parameters": [{"name": "locator", "value": "('xpath', \"//*[contains(@text,'AAAÜberspringen')]\")"}, {"name": "timeout", "value": "25"}, {"name": "return_bool", "value": "False"}], "start": 1693577641228, "stop": 1693577666639}], "start": 1693577641228, "stop": 1693577666664}], "start": 1693577633155, "stop": 1693577666669, "uuid": "4d31ca01-4ecd-4337-8f51-c0ec5fab5ed1", "historyId": "605c30bd1c824c1460e261a6c1a0ca00", "testCaseId": "2116f0ad00ab1de0effc54f114dd9496", "fullName": "tests.test_login.TestLogin#test_login", "labels": [{"name": "tag", "value": "login_positive"}, {"name": "tag", "value": "testrail(ids=('C832',))"}, {"name": "parentSuite", "value": "tests"}, {"name": "suite", "value": "test_login"}, {"name": "subSuite", "value": "TestLogin"}, {"name": "host", "value": "ypetryk-MacBook-Pro.local"}, {"name": "thread", "value": "10614-MainThread"}, {"name": "framework", "value": "pytest"}, {"name": "language", "value": "cpython3"}, {"name": "package", "value": "tests.test_login"}]}